Determining if the pthread_create exist failed with the following output:
Change Dir: /home/krzysztof/University/ERC2020/DEPLOY1/leo-vanilla/leo_ws/build/CMakeFiles/CMakeTmp

Run Build Command:"/usr/bin/make" "cmTC_70080/fast"
/usr/bin/make -f CMakeFiles/cmTC_70080.dir/build.make CMakeFiles/cmTC_70080.dir/build
make[1]: Entering directory '/home/krzysztof/University/ERC2020/DEPLOY1/leo-vanilla/leo_ws/build/CMakeFiles/CMakeTmp'
Building C object CMakeFiles/cmTC_70080.dir/CheckSymbolExists.c.o
/usr/bin/cc    -o CMakeFiles/cmTC_70080.dir/CheckSymbolExists.c.o   -c /home/krzysztof/University/ERC2020/DEPLOY1/leo-vanilla/leo_ws/build/CMakeFiles/CMakeTmp/CheckSymbolExists.c
Linking C executable cmTC_70080
/usr/bin/cmake -E cmake_link_script CMakeFiles/cmTC_70080.dir/link.txt --verbose=1
/usr/bin/cc      -rdynamic CMakeFiles/cmTC_70080.dir/CheckSymbolExists.c.o  -o cmTC_70080 
CMakeFiles/cmTC_70080.dir/CheckSymbolExists.c.o: In function `main':
CheckSymbolExists.c:(.text+0x1b): undefined reference to `pthread_create'
collect2: error: ld returned 1 exit status
CMakeFiles/cmTC_70080.dir/build.make:97: recipe for target 'cmTC_70080' failed
make[1]: *** [cmTC_70080] Error 1
make[1]: Leaving directory '/home/krzysztof/University/ERC2020/DEPLOY1/leo-vanilla/leo_ws/build/CMakeFiles/CMakeTmp'
Makefile:126: recipe for target 'cmTC_70080/fast' failed
make: *** [cmTC_70080/fast] Error 2

File /home/krzysztof/University/ERC2020/DEPLOY1/leo-vanilla/leo_ws/build/CMakeFiles/CMakeTmp/CheckSymbolExists.c:
/* */
#include <pthread.h>

int main(int argc, char** argv)
{
  (void)argv;
#ifndef pthread_create
  return ((int*)(&pthread_create))[argc];
#else
  (void)argc;
  return 0;
#endif
}

Determining if the function pthread_create exists in the pthreads failed with the following output:
Change Dir: /home/krzysztof/University/ERC2020/DEPLOY1/leo-vanilla/leo_ws/build/CMakeFiles/CMakeTmp

Run Build Command:"/usr/bin/make" "cmTC_1be5f/fast"
/usr/bin/make -f CMakeFiles/cmTC_1be5f.dir/build.make CMakeFiles/cmTC_1be5f.dir/build
make[1]: Entering directory '/home/krzysztof/University/ERC2020/DEPLOY1/leo-vanilla/leo_ws/build/CMakeFiles/CMakeTmp'
Building C object CMakeFiles/cmTC_1be5f.dir/CheckFunctionExists.c.o
/usr/bin/cc   -DCHECK_FUNCTION_EXISTS=pthread_create   -o CMakeFiles/cmTC_1be5f.dir/CheckFunctionExists.c.o   -c /usr/share/cmake-3.10/Modules/CheckFunctionExists.c
Linking C executable cmTC_1be5f
/usr/bin/cmake -E cmake_link_script CMakeFiles/cmTC_1be5f.dir/link.txt --verbose=1
/usr/bin/cc  -DCHECK_FUNCTION_EXISTS=pthread_create    -rdynamic CMakeFiles/cmTC_1be5f.dir/CheckFunctionExists.c.o  -o cmTC_1be5f -lpthreads 
/usr/bin/ld: cannot find -lpthreads
collect2: error: ld returned 1 exit status
CMakeFiles/cmTC_1be5f.dir/build.make:97: recipe for target 'cmTC_1be5f' failed
make[1]: *** [cmTC_1be5f] Error 1
make[1]: Leaving directory '/home/krzysztof/University/ERC2020/DEPLOY1/leo-vanilla/leo_ws/build/CMakeFiles/CMakeTmp'
Makefile:126: recipe for target 'cmTC_1be5f/fast' failed
make: *** [cmTC_1be5f/fast] Error 2


